<?xml version="1.0" encoding="UTF-8"?>
<!-- Generated by org.testng.reporters.JUnitReportReporter -->
<testsuite hostname="merve-MacBook-Air.local" failures="0" tests="3" name="com.hepsiburada.tests.AddProductToBasketWithoutLogin" time="30.620" errors="0" timestamp="2021-11-18T20:56:46 TRT" skipped="0">
  <testcase classname="com.hepsiburada.tests.AddProductToBasketWithoutLogin" name="searchProduct" time="7.510"/>
  <system-out/>
  <testcase classname="com.hepsiburada.tests.AddProductToBasketWithoutLogin" name="addProductToBasket" time="21.690"/>
  <system-out/>
  <testcase classname="com.hepsiburada.tests.AddProductToBasketWithoutLogin" name="checkBasket" time="1.420"/>
  <system-out/>
</testsuite> <!-- com.hepsiburada.tests.AddProductToBasketWithoutLogin -->
