<?xml version="1.0" encoding="UTF-8"?>
<!-- Generated by org.testng.reporters.JUnitReportReporter -->
<testsuite hostname="merve-MacBook-Air.local" failures="0" tests="5" name="com.hepsiburada.tests.AddProductToBasketWithLogin" time="45.547" errors="0" timestamp="2021-11-18T11:43:42 TRT" skipped="0">
  <testcase classname="com.hepsiburada.tests.AddProductToBasketWithLogin" name="login" time="8.107"/>
  <system-out/>
  <testcase classname="com.hepsiburada.tests.AddProductToBasketWithLogin" name="checkLogin" time="6.529"/>
  <system-out/>
  <testcase classname="com.hepsiburada.tests.AddProductToBasketWithLogin" name="searchProduct" time="5.586"/>
  <system-out/>
  <testcase classname="com.hepsiburada.tests.AddProductToBasketWithLogin" name="addProductToBasket" time="23.818"/>
  <system-out/>
  <testcase classname="com.hepsiburada.tests.AddProductToBasketWithLogin" name="checkBasket" time="1.507"/>
  <system-out/>
</testsuite> <!-- com.hepsiburada.tests.AddProductToBasketWithLogin -->
